#! /usr/local/bin/vvp
:ivl_version "0.9.2 " "(v0_9_2)";
:vpi_time_precision + 0;
:vpi_module "system";
:vpi_module "v2005_math";
:vpi_module "va_math";
S_0x100302650 .scope module, "tb" "tb" 2 6;
 .timescale 0 0;
v0x100323aa0_0 .var *"_s0", 0 0; Local signal
v0x100323b20_0 .var "clk", 0 0;
v0x100323ba0_0 .net "pc", 7 0, v0x1003233e0_0; 1 drivers
v0x100323c20_0 .var "rst", 0 0;
S_0x100300ee0 .scope module, "mycpu" "yfcpu" 2 11, 3 12, S_0x100302650;
 .timescale 0 0;
P_0x100313938 .param/l "ADD" 3 37, C4<0100>;
P_0x100313960 .param/l "BRA" 3 43, C4<1000>;
P_0x100313988 .param/l "BRAL" 3 45, C4<1010>;
P_0x1003139b0 .param/l "BRALNZ" 3 46, C4<1011>;
P_0x1003139d8 .param/l "BRANZ" 3 44, C4<1001>;
P_0x100313a00 .param/l "CALL" 3 47, C4<1100>;
P_0x100313a28 .param/l "HALT" 3 49, C4<1111>;
P_0x100313a50 .param/l "LRI" 3 36, C4<0001>;
P_0x100313a78 .param/l "OR" 3 39, C4<0110>;
P_0x100313aa0 .param/l "SUB" 3 38, C4<0101>;
P_0x100313ac8 .param/l "XOR" 3 40, C4<0111>;
P_0x100313af0 .param/l "bw" 3 19, +C4<01000>;
P_0x100313b18 .param/l "im_size" 3 15, +C4<01000>;
P_0x100313b40 .param/l "opcode_size" 3 33, +C4<0100>;
P_0x100313b68 .param/l "rf_size" 3 16, +C4<0100>;
P_0x100313b90 .param/l "s_decode" 3 27, C4<001>;
P_0x100313bb8 .param/l "s_execute" 3 28, C4<010>;
P_0x100313be0 .param/l "s_fetch" 3 26, C4<000>;
P_0x100313c08 .param/l "s_nostore" 3 30, C4<100>;
P_0x100313c30 .param/l "s_store" 3 29, C4<011>;
v0x100303eb0 .array "IMEM", 255 0, 15 0;
v0x100303890_0 .var "IR", 15 0;
v0x100323340_0 .var "OPCODE", 3 0;
v0x1003233e0_0 .var "PC", 7 0;
v0x100323470_0 .var "RA", 3 0;
v0x100323530_0 .var "RB", 3 0;
v0x1003235c0_0 .var "RD", 3 0;
v0x100323680 .array "REGFILE", 15 0, 7 0;
v0x100323700_0 .var "W", 7 0;
v0x1003237d0_0 .net "clk", 0 0, v0x100323b20_0; 1 drivers
v0x100323850_0 .var "current_state", 2 0;
v0x100323930_0 .var "next_state", 2 0;
v0x1003239b0_0 .net "rst", 0 0, v0x100323c20_0; 1 drivers
E_0x1003030f0 .event edge, v0x1003239b0_0, v0x1003237d0_0;
    .scope S_0x100300ee0;
T_0 ;
    %set/v v0x1003233e0_0, 0, 8;
    %set/v v0x100323850_0, 0, 3;
    %vpi_call 3 86 "$readmemh", "test.rom", v0x100303eb0;
    %end;
    .thread T_0;
    .scope S_0x100300ee0;
T_1 ;
    %wait E_0x1003030f0;
    %load/v 8, v0x1003239b0_0, 1;
    %jmp/0xz  T_1.0, 8;
    %set/v v0x100323850_0, 0, 3;
    %set/v v0x1003233e0_0, 0, 8;
    %jmp T_1.1;
T_1.0 ;
    %load/v 8, v0x100323850_0, 3;
    %cmpi/u 8, 0, 3;
    %jmp/1 T_1.2, 6;
    %cmpi/u 8, 1, 3;
    %jmp/1 T_1.3, 6;
    %cmpi/u 8, 2, 3;
    %jmp/1 T_1.4, 6;
    %cmpi/u 8, 3, 3;
    %jmp/1 T_1.5, 6;
    %cmpi/u 8, 4, 3;
    %jmp/1 T_1.6, 6;
    %jmp T_1.8;
T_1.2 ;
    %ix/getv 3, v0x1003233e0_0;
    %load/av 8, v0x100303eb0, 16;
    %set/v v0x100303890_0, 8, 16;
    %movi 8, 1, 3;
    %set/v v0x100323930_0, 8, 3;
    %jmp T_1.8;
T_1.3 ;
    %load/v 8, v0x1003233e0_0, 8;
    %mov 16, 0, 24;
   %addi 8, 1, 32;
    %set/v v0x1003233e0_0, 8, 8;
    %movi 8, 2, 3;
    %set/v v0x100323930_0, 8, 3;
    %ix/load 1, 12, 0;
    %mov 4, 0, 1;
    %jmp/1 T_1.9, 4;
    %load/x1p 8, v0x100303890_0, 4;
    %jmp T_1.10;
T_1.9 ;
    %mov 8, 2, 4;
T_1.10 ;
; Save base=8 wid=4 in lookaside.
    %set/v v0x100323340_0, 8, 4;
    %ix/load 1, 8, 0;
    %mov 4, 0, 1;
    %jmp/1 T_1.11, 4;
    %load/x1p 8, v0x100303890_0, 4;
    %jmp T_1.12;
T_1.11 ;
    %mov 8, 2, 4;
T_1.12 ;
; Save base=8 wid=4 in lookaside.
    %set/v v0x100323470_0, 8, 4;
    %ix/load 1, 4, 0;
    %mov 4, 0, 1;
    %jmp/1 T_1.13, 4;
    %load/x1p 8, v0x100303890_0, 4;
    %jmp T_1.14;
T_1.13 ;
    %mov 8, 2, 4;
T_1.14 ;
; Save base=8 wid=4 in lookaside.
    %set/v v0x100323530_0, 8, 4;
    %load/v 8, v0x100303890_0, 4; Only need 4 of 16 bits
; Save base=8 wid=4 in lookaside.
    %set/v v0x1003235c0_0, 8, 4;
    %jmp T_1.8;
T_1.4 ;
    %load/v 8, v0x100323340_0, 4;
    %cmpi/u 8, 1, 4;
    %jmp/1 T_1.15, 6;
    %cmpi/u 8, 4, 4;
    %jmp/1 T_1.16, 6;
    %cmpi/u 8, 5, 4;
    %jmp/1 T_1.17, 6;
    %cmpi/u 8, 6, 4;
    %jmp/1 T_1.18, 6;
    %cmpi/u 8, 7, 4;
    %jmp/1 T_1.19, 6;
    %cmpi/u 8, 15, 4;
    %jmp/1 T_1.20, 6;
    %cmpi/u 8, 8, 4;
    %jmp/1 T_1.21, 6;
    %cmpi/u 8, 10, 4;
    %jmp/1 T_1.22, 6;
    %cmpi/u 8, 9, 4;
    %jmp/1 T_1.23, 6;
    %cmpi/u 8, 11, 4;
    %jmp/1 T_1.24, 6;
    %cmpi/u 8, 12, 4;
    %jmp/1 T_1.25, 6;
    %movi 8, 4, 3;
    %set/v v0x100323930_0, 8, 3;
    %jmp T_1.27;
T_1.15 ;
    %load/v 8, v0x100323530_0, 4;
    %load/v 12, v0x100323470_0, 4;
    %set/v v0x100323700_0, 8, 8;
    %movi 8, 3, 3;
    %set/v v0x100323930_0, 8, 3;
    %jmp T_1.27;
T_1.16 ;
    %ix/getv 3, v0x100323470_0;
    %load/av 8, v0x100323680, 8;
    %ix/getv 3, v0x100323530_0;
    %load/av 16, v0x100323680, 8;
    %add 8, 16, 8;
    %set/v v0x100323700_0, 8, 8;
    %movi 8, 3, 3;
    %set/v v0x100323930_0, 8, 3;
    %jmp T_1.27;
T_1.17 ;
    %ix/getv 3, v0x100323470_0;
    %load/av 8, v0x100323680, 8;
    %ix/getv 3, v0x100323530_0;
    %load/av 16, v0x100323680, 8;
    %sub 8, 16, 8;
    %set/v v0x100323700_0, 8, 8;
    %movi 8, 3, 3;
    %set/v v0x100323930_0, 8, 3;
    %jmp T_1.27;
T_1.18 ;
    %ix/getv 3, v0x100323470_0;
    %load/av 8, v0x100323680, 8;
    %ix/getv 3, v0x100323530_0;
    %load/av 16, v0x100323680, 8;
    %or 8, 16, 8;
    %set/v v0x100323700_0, 8, 8;
    %movi 8, 3, 3;
    %set/v v0x100323930_0, 8, 3;
    %jmp T_1.27;
T_1.19 ;
    %ix/getv 3, v0x100323470_0;
    %load/av 8, v0x100323680, 8;
    %ix/getv 3, v0x100323530_0;
    %load/av 16, v0x100323680, 8;
    %xor 8, 16, 8;
    %set/v v0x100323700_0, 8, 8;
    %movi 8, 3, 3;
    %set/v v0x100323930_0, 8, 3;
    %jmp T_1.27;
T_1.20 ;
    %movi 8, 2, 3;
    %set/v v0x100323930_0, 8, 3;
    %jmp T_1.27;
T_1.21 ;
    %ix/getv 3, v0x100323530_0;
    %load/av 8, v0x100323680, 8;
    %set/v v0x1003233e0_0, 8, 8;
    %movi 8, 4, 3;
    %set/v v0x100323930_0, 8, 3;
    %jmp T_1.27;
T_1.22 ;
    %load/v 8, v0x100323530_0, 4;
    %mov 12, 0, 4;
    %set/v v0x1003233e0_0, 8, 8;
    %movi 8, 4, 3;
    %set/v v0x100323930_0, 8, 3;
    %jmp T_1.27;
T_1.23 ;
    %ix/getv 3, v0x100323470_0;
    %load/av 8, v0x100323680, 8;
    %cmpi/u 8, 0, 8;
    %inv 4, 1;
    %jmp/0xz  T_1.28, 4;
    %ix/getv 3, v0x100323530_0;
    %load/av 8, v0x100323680, 8;
    %set/v v0x1003233e0_0, 8, 8;
T_1.28 ;
    %movi 8, 4, 3;
    %set/v v0x100323930_0, 8, 3;
    %jmp T_1.27;
T_1.24 ;
    %ix/getv 3, v0x100323470_0;
    %load/av 8, v0x100323680, 8;
    %cmpi/u 8, 0, 8;
    %inv 4, 1;
    %jmp/0xz  T_1.30, 4;
    %load/v 8, v0x100323530_0, 4;
    %mov 12, 0, 4;
    %set/v v0x1003233e0_0, 8, 8;
T_1.30 ;
    %movi 8, 4, 3;
    %set/v v0x100323930_0, 8, 3;
    %jmp T_1.27;
T_1.25 ;
    %load/v 8, v0x1003233e0_0, 8;
    %set/v v0x100323700_0, 8, 8;
    %load/v 8, v0x100323530_0, 4;
    %mov 12, 0, 4;
    %set/v v0x1003233e0_0, 8, 8;
    %movi 8, 3, 3;
    %set/v v0x100323930_0, 8, 3;
    %jmp T_1.27;
T_1.27 ;
    %jmp T_1.8;
T_1.5 ;
    %load/v 8, v0x100323700_0, 8;
    %ix/getv 3, v0x1003235c0_0;
   %jmp/1 t_0, 4;
   %ix/load 1, 0, 0;
   %set/av v0x100323680, 8, 8;
t_0 ;
    %set/v v0x100323930_0, 0, 3;
    %jmp T_1.8;
T_1.6 ;
    %set/v v0x100323930_0, 0, 3;
    %jmp T_1.8;
T_1.8 ;
    %load/v 8, v0x100323930_0, 3;
    %set/v v0x100323850_0, 8, 3;
T_1.1 ;
    %jmp T_1;
    .thread T_1, $push;
    .scope S_0x100302650;
T_2 ;
    %vpi_call 2 16 "$dumpfile", "test.vcd";
    %vpi_call 2 17 "$dumpvars", 1'sb0, S_0x100300ee0;
    %set/v v0x100323b20_0, 1, 1;
    %set/v v0x100323c20_0, 1, 1;
    %delay 1, 0;
    %set/v v0x100323c20_0, 0, 1;
    %delay 1300, 0;
    %set/v v0x100323c20_0, 0, 1;
    %vpi_call 2 22 "$finish";
    %end;
    .thread T_2;
    .scope S_0x100302650;
T_3 ;
    %load/v 8, v0x100323b20_0, 1;
    %inv 8, 1;
    %set/v v0x100323aa0_0, 8, 1;
    %movi 8, 1, 2;
    %ix/get 0, 8, 2;
    %delayx 0;
    %load/v 8, v0x100323aa0_0, 1;
    %set/v v0x100323b20_0, 8, 1;
    %jmp T_3;
    .thread T_3;
# The file index is used to find the file name in the following table.
:file_names 4;
    "N/A";
    "<interactive>";
    "testbench.v";
    "yfcpu.v";
